0 info it worked if it ends with ok
1 verbose cli [ '/usr/local/bin/node',
1 verbose cli   '/usr/local/bin/npm',
1 verbose cli   'run',
1 verbose cli   'modules-link' ]
2 info using npm@3.6.0
3 info using node@v5.6.0
4 verbose stack Error: ENOENT: no such file or directory, open '/home/tomiska/Projekty/BCV/Projekty/CzechIdMng/Realization/frontend/package.json'
4 verbose stack     at Error (native)
5 verbose cwd /home/tomiska/Projekty/BCV/Projekty/CzechIdMng/Realization/frontend
6 error Linux 4.3.6-201.fc22.x86_64
7 error argv "/usr/local/bin/node" "/usr/local/bin/npm" "run" "modules-link"
8 error node v5.6.0
9 error npm  v3.6.0
10 error path /home/tomiska/Projekty/BCV/Projekty/CzechIdMng/Realization/frontend/package.json
11 error code ENOENT
12 error errno -2
13 error syscall open
14 error enoent ENOENT: no such file or directory, open '/home/tomiska/Projekty/BCV/Projekty/CzechIdMng/Realization/frontend/package.json'
15 error enoent ENOENT: no such file or directory, open '/home/tomiska/Projekty/BCV/Projekty/CzechIdMng/Realization/frontend/package.json'
15 error enoent This is most likely not a problem with npm itself
15 error enoent and is related to npm not being able to find a file.
16 verbose exit [ -2, true ]
